INFO     <12>               __init__.py => [actionresultdefinition.py, actionresultexecution.py, args.py, assertionhelpers.py,
INFO                                        assertions.py, campaignargs.py, campaignexecution.py, campaignreport.py,
INFO                                        campaignrunner.py, configdb.py, confignode.py, console.py, datetimeutils.py,
INFO                                        debugutils.py, enumutils.py, errcodes.py, executionstatus.py, handlers.py,
INFO                                        locations.py, logextradata.py, logger.py, loggermain.py, path.py, scenarioargs.py,
INFO                                        scenarioconfig.py, scenariodefinition.py, scenarioevents.py, scenarioexecution.py,
INFO                                        scenarioreport.py, scenariorunner.py, scenariostack.py, stats.py, stepdefinition.py,
INFO                                        stepexecution.py, subprocess.py, testerrors.py, timezoneutils.py]
INFO     <11>        campaignlogging.py => [campaignexecution.py, enumutils.py]
INFO     <11>         campaignreport.py => [campaignexecution.py, logger.py, path.py, xmlutils.py]
INFO     <11>         campaignrunner.py => [campaignexecution.py, errcodes.py, logger.py]
INFO     <11>         scenarioevents.py => [campaignexecution.py, enumutils.py, scenariodefinition.py, stepdefinition.py,
INFO                                        testerrors.py]
INFO     <10>      campaignexecution.py => [executionstatus.py, path.py, scenarioexecution.py, stats.py, testerrors.py]
INFO     <10>        scenariologging.py => [actionresultdefinition.py, enumutils.py, scenariodefinition.py,
INFO                                        scenarioexecution.py, stepdefinition.py, stepsection.py, testerrors.py]
INFO     <10>         scenarioreport.py => [actionresultdefinition.py, logger.py, scenarioexecution.py, stepdefinition.py]
INFO     <10>        scenarioresults.py => [scenarioexecution.py]
INFO     <10>          scenariostack.py => [actionresultdefinition.py, actionresultexecution.py, logger.py,
INFO                                        scenariodefinition.py, scenarioexecution.py, stepdefinition.py, stepexecution.py,
INFO                                        stepuserapi.py]
INFO     <09>               handlers.py => [logger.py, scenariodefinition.py]
INFO     <09>      scenarioexecution.py => [executionstatus.py, scenariodefinition.py, stats.py, stepdefinition.py]
INFO     <09>         scenariorunner.py => [actionresultdefinition.py, enumutils.py, errcodes.py, locations.py, logger.py,
INFO                                        scenariodefinition.py, stepdefinition.py, stepuserapi.py, testerrors.py]
INFO     <08>     scenariodefinition.py => [assertions.py, logger.py, stepdefinition.py, stepsection.py, stepuserapi.py]
INFO     <07>          stepexecution.py => [actionresultdefinition.py, stats.py, stepdefinition.py]
INFO     <07>            stepsection.py => [stepdefinition.py]
INFO     <06>  actionresultexecution.py => [actionresultdefinition.py]
INFO     <06>         stepdefinition.py => [actionresultdefinition.py, assertions.py, locations.py, logger.py, stepuserapi.py]
INFO     <05> actionresultdefinition.py => [enumutils.py, locations.py]
INFO     <05>           campaignargs.py => [args.py, path.py]
INFO     <05>           scenarioargs.py => [args.py]
INFO     <05>             testerrors.py => [locations.py, logger.py]
INFO     <04>                   args.py => [logger.py]
INFO     <04>               configdb.py => [confignode.py, enumutils.py, logger.py]
INFO     <04>           debugloggers.py => [debugutils.py, logger.py]
INFO     <04>              locations.py => [logger.py]
INFO     <04>             logfilters.py => [logger.py]
INFO     <04>             loggermain.py => [logger.py]
INFO     <04>                 reflex.py => [debugclasses.py, logger.py]
INFO     <04>             subprocess.py => [errcodes.py, logger.py]
INFO     <04>          testsuitefile.py => [logger.py]
INFO     <03>           logformatter.py => [console.py, logextradata.py]
INFO     <03>                 logger.py => [console.py, logextradata.py]
INFO     <02>             assertions.py => [assertionhelpers.py]
INFO     <02>           debugclasses.py => [enumutils.py]
INFO     <02>        executionstatus.py => [enumutils.py]
INFO     <02>           logextradata.py => [enumutils.py]
INFO     <02>         scenarioconfig.py => [console.py, enumutils.py, path.py]
INFO     <01>       assertionhelpers.py => []
INFO     <01>              configini.py => []
INFO     <01>             configjson.py => []
INFO     <01>              configkey.py => []
INFO     <01>             confignode.py => []
INFO     <01>            configtypes.py => []
INFO     <01>             configyaml.py => []
INFO     <01>                console.py => []
INFO     <01>          datetimeutils.py => []
INFO     <01>             debugutils.py => []
INFO     <01>              enumutils.py => []
INFO     <01>               errcodes.py => []
INFO     <01>         loggingservice.py => []
INFO     <01>             loghandler.py => []
INFO     <01>                   path.py => []
INFO     <01>                  stats.py => []
INFO     <01>            stepuserapi.py => []
INFO     <01>               textfile.py => []
INFO     <01>          timezoneutils.py => []
INFO     <01>                 typing.py => []
INFO     <01>               xmlutils.py => []