INFO     <05>                __init__.py => [_actionresultdefinition.py, _actionresultexecution.py, _args.py,
INFO                                         _assertionhelpers.py, _assertions.py, _campaignargs.py, _campaignexecution.py,
INFO                                         _campaignreport.py, _campaignrunner.py, _configdb.py, _confignode.py, _console.py,
INFO                                         _datetimeutils.py, _debugutils.py, _enumutils.py, _errcodes.py,
INFO                                         _executionstatus.py, _handlers.py, _issuelevels.py, _knownissues.py, _locations.py,
INFO                                         _logextradata.py, _logger.py, _loggermain.py, _loggingcontext.py, _path.py,
INFO                                         _pkginfo.py, _req.py, _reqdb.py, _reqlink.py, _reqmgtmain.py, _reqref.py,
INFO                                         _reqverifier.py, _scenarioargs.py, _scenarioattributes.py, _scenarioconfig.py,
INFO                                         _scenariodefinition.py, _scenarioevents.py, _scenarioexecution.py,
INFO                                         _scenarioreport.py, _scenariorunner.py, _scenariostack.py, _stats.py,
INFO                                         _stepdefinition.py, _stepexecution.py, _stepsection.py, _stepspecifications.py,
INFO                                         _subprocess.py, _testerrors.py, _timezoneutils.py]
INFO     <04>           _campaignargs.py => [_args.py, _scenarioargs.py]
INFO     <04>            _stepsection.py => [_stepdefinition.py]
INFO     <03>             _reflection.py => [_debugclasses.py, _logger.py]
INFO     <03>             _reqmgtargs.py => [_args.py]
INFO     <03>           _scenarioargs.py => [_args.py]
INFO     <03>     _scenariodefinition.py => [_assertions.py, _logger.py, _reqverifier.py, _stepuserapi.py]
INFO     <03>         _stepdefinition.py => [_assertions.py, _logger.py, _reqverifier.py, _stepuserapi.py]
INFO     <02> _actionresultdefinition.py => [_enumutils.py]
INFO     <02>                   _args.py => [_configargs.py, _logger.py, _loggingargs.py]
INFO     <02>             _assertions.py => [_assertionhelpers.py]
INFO     <02>        _campaignlogging.py => [_enumutils.py]
INFO     <02>         _campaignreport.py => [_logger.py]
INFO     <02>         _campaignrunner.py => [_logger.py]
INFO     <02>               _configdb.py => [_enumutils.py, _logger.py]
INFO     <02>           _debugclasses.py => [_enumutils.py]
INFO     <02>           _debugloggers.py => [_logger.py]
INFO     <02>        _executionstatus.py => [_enumutils.py]
INFO     <02>               _handlers.py => [_logger.py]
INFO     <02>            _knownissues.py => [_testerrors.py]
INFO     <02>              _locations.py => [_logger.py]
INFO     <02>           _logextradata.py => [_enumutils.py]
INFO     <02>             _loggermain.py => [_logger.py]
INFO     <02>                  _reqdb.py => [_logger.py]
INFO     <02>          _reqhttpserver.py => [_logger.py]
INFO     <02>             _reqmgtmain.py => [_logger.py]
INFO     <02>        _reqtraceability.py => [_logger.py]
INFO     <02>     _scenarioattributes.py => [_enumutils.py]
INFO     <02>         _scenarioconfig.py => [_enumutils.py, _logger.py]
INFO     <02>         _scenarioevents.py => [_enumutils.py]
INFO     <02>        _scenariologging.py => [_enumutils.py]
INFO     <02>         _scenarioreport.py => [_logger.py]
INFO     <02>        _scenarioresults.py => [_logger.py]
INFO     <02>         _scenariorunner.py => [_enumutils.py, _logger.py]
INFO     <02>          _scenariostack.py => [_logger.py]
INFO     <02>          _testsuitefile.py => [_logger.py]
INFO     <01>  _actionresultexecution.py => []
INFO     <01>       _assertionhelpers.py => []
INFO     <01>      _campaignexecution.py => []
INFO     <01>             _configargs.py => []
INFO     <01>              _configini.py => []
INFO     <01>             _configjson.py => []
INFO     <01>              _configkey.py => []
INFO     <01>             _confignode.py => []
INFO     <01>            _configtypes.py => []
INFO     <01>             _configyaml.py => []
INFO     <01>                _console.py => []
INFO     <01>          _datetimeutils.py => []
INFO     <01>             _debugutils.py => []
INFO     <01>              _enumutils.py => []
INFO     <01>               _errcodes.py => []
INFO     <01>            _issuelevels.py => []
INFO     <01>             _logfilters.py => []
INFO     <01>           _logformatter.py => []
INFO     <01>                 _logger.py => []
INFO     <01>            _loggingargs.py => []
INFO     <01>         _loggingcontext.py => []
INFO     <01>         _loggingservice.py => []
INFO     <01>             _loghandler.py => []
INFO     <01>                   _path.py => []
INFO     <01>                _pkginfo.py => []
INFO     <01>                    _req.py => []
INFO     <01>                _reqlink.py => []
INFO     <01>                 _reqref.py => []
INFO     <01>               _reqtypes.py => []
INFO     <01>            _reqverifier.py => []
INFO     <01>      _scenarioexecution.py => []
INFO     <01>               _setutils.py => []
INFO     <01>                  _stats.py => []
INFO     <01>          _stepexecution.py => []
INFO     <01>     _stepspecifications.py => []
INFO     <01>            _stepuserapi.py => []
INFO     <01>             _subprocess.py => []
INFO     <01>             _testerrors.py => []
INFO     <01>               _textfile.py => []
INFO     <01>              _textutils.py => []
INFO     <01>          _timezoneutils.py => []
INFO     <01>                  _types.py => []
INFO     <01>            _typingutils.py => []
INFO     <01>               _xmlutils.py => []