CAMPAIGN
------------------------------------------------
  TEST SUITE 'demo/demo.suite'
  ----------------------------------------------
    Executing 'demo/commutativeaddition.py'
      DEBUG    Log file:        'out/commutativeaddition.log'
      DEBUG    Scenario report: 'out/commutativeaddition.json'
    Executing 'demo/commutativeadditions.py'
      DEBUG    Log file:        'out/commutativeadditions.log'
      DEBUG    Scenario report: 'out/commutativeadditions.json'
    Executing 'demo/handlers.py'
      DEBUG    Log file:        'out/handlers.log'
      DEBUG    Scenario report: 'out/handlers.json'
    Executing 'demo/htmllogin.py'
      DEBUG    Log file:        'out/htmllogin.log'
      DEBUG    Scenario report: 'out/htmllogin.json'
    Executing 'demo/loggingdemo.py'
      DEBUG    Log file:        'out/loggingdemo.log'
      DEBUG    Scenario report: 'out/loggingdemo.json'

  END OF TEST SUITE 'demo/demo.suite'
  ----------------------------------------------
             Number of test cases: 5
         Number of tests in error: 0
    Number of tests with warnings: 0
                  Number of steps: 15/15
                Number of actions: 39/39
                Number of results: 2/2
                             Time: HH:MM:SS.mmmmmm

END OF CAMPAIGN
------------------------------------------------
          JUnit campaign report: out/campaign.xml
                   Requirements: out/reqdb.json
          Number of test suites: 1

DEBUG    JUnit report: 'out/campaign.xml'
------------------------------------------------
INFO     TOTAL                                  Status      Steps    Actions    Results    Time               Title
INFO     5 tests, 0 failed, 0 with warnings                 15/15      39/39        2/2    HH:MM:SS.mmmmmm
------------------------------------------------
INFO     demo/commutativeaddition.py           SUCCESS        4/4        4/4        1/1    HH:MM:SS.mmmmmm    Commutative addition
INFO     demo/commutativeadditions.py          SUCCESS        3/3        3/3        0/0    HH:MM:SS.mmmmmm    Commutative additions
INFO     demo/handlers.py                      SUCCESS        2/2        2/2        0/0    HH:MM:SS.mmmmmm    Handler demonstration
INFO     demo/htmllogin.py                     SUCCESS        1/1        3/3        1/1    HH:MM:SS.mmmmmm    Login page
INFO     demo/loggingdemo.py                   SUCCESS        5/5      27/27        0/0    HH:MM:SS.mmmmmm    Logging demo