usage: run-campaign.py [-h] [--config-file CONFIG_PATH]
                       [--config-value KEY VALUE] [--debug-class DEBUG_CLASS]
                       [--doc-only] [--outdir OUTDIR_PATH] [--dt-subdir]
                       [--extra-info ATTRIBUTE_NAME]
                       TEST_SUITE_PATH [TEST_SUITE_PATH ...]

Scenario campaign execution.

positional arguments:
  TEST_SUITE_PATH       Test suite file(s) to execute.

optional arguments:
  -h, --help            Show this help message and exit.
  --config-file CONFIG_PATH
                        Input configuration file path. This option may be
                        called several times.
  --config-value KEY VALUE
                        Configuration value in the 'key=value' form. This
                        option may be called several times.
  --debug-class DEBUG_CLASS
                        Activate debugging for the given class.
  --doc-only            Generate documentation without executing the test.
  --outdir OUTDIR_PATH  Output directory to store test results into. Defaults
                        to the current directory.
  --dt-subdir           Do not store the test results directly in OUTDIR_PATH,
                        but within a subdirectory named with the current date
                        and time.
  --extra-info ATTRIBUTE_NAME
                        Scenario attribute to display for extra info when
                        displaying results. This option may be called several
                        times to display more info.